# JRE version: OpenJDK Runtime Environment Temurin-17.0.7+7 (17.0.7+7) (build 17.0.7+7)
# Java VM: OpenJDK 64-Bit Server VM Temurin-17.0.7+7 (17.0.7+7, mixed mode, tiered, compressed oops, compressed class ptrs, g1 gc, linux-amd64)
GC Precious Log:
 CPUs: 4 total, 4 available
 Memory: 8232M
 Large Page Support: Disabled
 NUMA Support: Disabled
 Compressed Oops: Enabled (Zero based)
 Heap Region Size: 2M
 Heap Min Capacity: 8M
 Heap Initial Capacity: 130M
 Heap Max Capacity: 2060M
 Pre-touch: Disabled
 Parallel Workers: 4
 Concurrent Workers: 1
 Concurrent Refinement Workers: 4
 Periodic GC: Disabled
Heap:
 garbage-first heap   total 243712K, used 54210K [0x000000077f400000, 0x0000000800000000)
  region size 2048K, 15 young (30720K), 1 survivors (2048K)
 Metaspace       used 43530K, committed 43968K, reserved 1114112K
  class space    used 4797K, committed 4992K, reserved 1048576K
GC Heap History (20 events):
Event: 5,684 GC heap after
{Heap after GC invocations=11 (full 0):
 garbage-first heap   total 69632K, used 20194K [0x000000077f400000, 0x0000000800000000)
  region size 2048K, 1 young (2048K), 1 survivors (2048K)
 Metaspace       used 34842K, committed 35136K, reserved 1114112K
  class space    used 3755K, committed 3904K, reserved 1048576K
}
Event: 6,291 GC heap before
{Heap before GC invocations=11 (full 0):
 garbage-first heap   total 69632K, used 48866K [0x000000077f400000, 0x0000000800000000)
  region size 2048K, 15 young (30720K), 1 survivors (2048K)
 Metaspace       used 35452K, committed 35712K, reserved 1114112K
  class space    used 3815K, committed 3904K, reserved 1048576K
}
Event: 6,300 GC heap after
{Heap after GC invocations=12 (full 0):
 garbage-first heap   total 69632K, used 20434K [0x000000077f400000, 0x0000000800000000)
  region size 2048K, 2 young (4096K), 2 survivors (4096K)
 Metaspace       used 35452K, committed 35712K, reserved 1114112K
  class space    used 3815K, committed 3904K, reserved 1048576K
}
Event: 6,780 GC heap before
{Heap before GC invocations=12 (full 0):
 garbage-first heap   total 69632K, used 38866K [0x000000077f400000, 0x0000000800000000)
  region size 2048K, 12 young (24576K), 2 survivors (4096K)
 Metaspace       used 36120K, committed 36416K, reserved 1114112K
  class space    used 3886K, committed 4032K, reserved 1048576K
}
Event: 6,787 GC heap after
{Heap after GC invocations=13 (full 0):
 garbage-first heap   total 86016K, used 21045K [0x000000077f400000, 0x0000000800000000)
  region size 2048K, 2 young (4096K), 2 survivors (4096K)
 Metaspace       used 36120K, committed 36416K, reserved 1114112K
  class space    used 3886K, committed 4032K, reserved 1048576K
}
Event: 7,380 GC heap before
{Heap before GC invocations=14 (full 0):
 garbage-first heap   total 75776K, used 64053K [0x000000077f400000, 0x0000000800000000)
  region size 2048K, 23 young (47104K), 2 survivors (4096K)
 Metaspace       used 37825K, committed 38080K, reserved 1114112K
  class space    used 4049K, committed 4160K, reserved 1048576K
}
Event: 7,391 GC heap after
{Heap after GC invocations=15 (full 0):
 garbage-first heap   total 75776K, used 23974K [0x000000077f400000, 0x0000000800000000)
  region size 2048K, 3 young (6144K), 3 survivors (6144K)
 Metaspace       used 37825K, committed 38080K, reserved 1114112K
  class space    used 4049K, committed 4160K, reserved 1048576K
}
Event: 7,408 GC heap before
{Heap before GC invocations=15 (full 0):
 garbage-first heap   total 75776K, used 26022K [0x000000077f400000, 0x0000000800000000)
  region size 2048K, 4 young (8192K), 3 survivors (6144K)
 Metaspace       used 37835K, committed 38080K, reserved 1114112K
  class space    used 4049K, committed 4160K, reserved 1048576K
}
Event: 7,418 GC heap after
{Heap after GC invocations=16 (full 0):
 garbage-first heap   total 75776K, used 23978K [0x000000077f400000, 0x0000000800000000)
  region size 2048K, 1 young (2048K), 1 survivors (2048K)
 Metaspace       used 37835K, committed 38080K, reserved 1114112K
  class space    used 4049K, committed 4160K, reserved 1048576K
}
Event: 8,038 GC heap before
{Heap before GC invocations=16 (full 0):
 garbage-first heap   total 75776K, used 56746K [0x000000077f400000, 0x0000000800000000)
  region size 2048K, 17 young (34816K), 1 survivors (2048K)
 Metaspace       used 39722K, committed 40064K, reserved 1114112K
  class space    used 4289K, committed 4480K, reserved 1048576K
}
Event: 8,044 GC heap after
{Heap after GC invocations=17 (full 0):
 garbage-first heap   total 75776K, used 25391K [0x000000077f400000, 0x0000000800000000)
  region size 2048K, 2 young (4096K), 2 survivors (4096K)
 Metaspace       used 39722K, committed 40064K, reserved 1114112K
  class space    used 4289K, committed 4480K, reserved 1048576K
}
Event: 8,066 GC heap before
{Heap before GC invocations=17 (full 0):
 garbage-first heap   total 75776K, used 33583K [0x000000077f400000, 0x0000000800000000)
  region size 2048K, 3 young (6144K), 2 survivors (4096K)
 Metaspace       used 39891K, committed 40256K, reserved 1114112K
  class space    used 4311K, committed 4480K, reserved 1048576K
}
Event: 8,071 GC heap after
{Heap after GC invocations=18 (full 0):
 garbage-first heap   total 75776K, used 33719K [0x000000077f400000, 0x0000000800000000)
  region size 2048K, 2 young (4096K), 2 survivors (4096K)
 Metaspace       used 39891K, committed 40256K, reserved 1114112K
  class space    used 4311K, committed 4480K, reserved 1048576K
}
Event: 8,074 GC heap before
{Heap before GC invocations=18 (full 0):
 garbage-first heap   total 75776K, used 37815K [0x000000077f400000, 0x0000000800000000)
  region size 2048K, 3 young (6144K), 2 survivors (4096K)
 Metaspace       used 39891K, committed 40256K, reserved 1114112K
  class space    used 4311K, committed 4480K, reserved 1048576K
}
Event: 8,082 GC heap after
{Heap after GC invocations=19 (full 0):
 garbage-first heap   total 75776K, used 38054K [0x000000077f400000, 0x0000000800000000)
  region size 2048K, 1 young (2048K), 1 survivors (2048K)
 Metaspace       used 39891K, committed 40256K, reserved 1114112K
  class space    used 4311K, committed 4480K, reserved 1048576K
}
Event: 8,742 GC heap before
{Heap before GC invocations=20 (full 0):
 garbage-first heap   total 110592K, used 81062K [0x000000077f400000, 0x0000000800000000)
  region size 2048K, 12 young (24576K), 1 survivors (2048K)
 Metaspace       used 38884K, committed 39424K, reserved 1114112K
  class space    used 4185K, committed 4352K, reserved 1048576K
}
Event: 8,750 GC heap after
{Heap after GC invocations=21 (full 0):
 garbage-first heap   total 110592K, used 26821K [0x000000077f400000, 0x0000000800000000)
  region size 2048K, 1 young (2048K), 1 survivors (2048K)
 Metaspace       used 38884K, committed 39424K, reserved 1114112K
  class space    used 4185K, committed 4352K, reserved 1048576K
}
Event: 8,758 GC heap before
{Heap before GC invocations=21 (full 0):
 garbage-first heap   total 110592K, used 28869K [0x000000077f400000, 0x0000000800000000)
  region size 2048K, 2 young (4096K), 1 survivors (2048K)
 Metaspace       used 38925K, committed 39424K, reserved 1114112K
  class space    used 4188K, committed 4352K, reserved 1048576K
}
Event: 8,770 GC heap after
{Heap after GC invocations=22 (full 0):
 garbage-first heap   total 243712K, used 25538K [0x000000077f400000, 0x0000000800000000)
  region size 2048K, 1 young (2048K), 1 survivors (2048K)
 Metaspace       used 38925K, committed 39424K, reserved 1114112K
  class space    used 4188K, committed 4352K, reserved 1048576K
}
Event: 9,520 GC heap before
{Heap before GC invocations=22 (full 0):
 garbage-first heap   total 243712K, used 52162K [0x000000077f400000, 0x0000000800000000)
  region size 2048K, 15 young (30720K), 1 survivors (2048K)
 Metaspace       used 43530K, committed 43968K, reserved 1114112K
  class space    used 4797K, committed 4992K, reserved 1048576K
}

